<?xml version="1.0" encoding="UTF-8"?>
<testng-results ignored="0" total="1" passed="1" failed="0" skipped="0">
  <reporter-output>
  </reporter-output>
  <suite started-at="2025-04-17T18:03:33 IST" name="Master Suite" finished-at="2025-04-17T18:03:51 IST" duration-ms="18014">
    <groups>
      <group name="Master">
        <method signature="TC002_LoginTest.verify_login_functionality()[pri:0, instance:testCases.TC002_LoginTest@561b6512]" name="verify_login_functionality" class="testCases.TC002_LoginTest"/>
      </group> <!-- Master -->
      <group name="Sanity">
        <method signature="TC002_LoginTest.verify_login_functionality()[pri:0, instance:testCases.TC002_LoginTest@561b6512]" name="verify_login_functionality" class="testCases.TC002_LoginTest"/>
      </group> <!-- Sanity -->
    </groups>
    <test started-at="2025-04-17T18:03:33 IST" name="Test" finished-at="2025-04-17T18:03:51 IST" duration-ms="18014">
      <class name="testCases.TC002_LoginTest">
        <test-method is-config="true" signature="setup(java.lang.String,java.lang.String)[pri:0, instance:testCases.TC002_LoginTest@561b6512]" started-at="2025-04-17T18:03:33 IST" name="setup" finished-at="2025-04-17T18:03:36 IST" duration-ms="3242" status="PASS">
          <params>
            <param index="0">
              <value>
                <![CDATA[Windows]]>
              </value>
            </param>
            <param index="1">
              <value>
                <![CDATA[Chrome]]>
              </value>
            </param>
          </params>
          <reporter-output>
          </reporter-output>
        </test-method> <!-- setup -->
        <test-method signature="verify_login_functionality()[pri:0, instance:testCases.TC002_LoginTest@561b6512]" started-at="2025-04-17T18:03:36 IST" name="verify_login_functionality" finished-at="2025-04-17T18:03:50 IST" duration-ms="14227" status="PASS">
          <reporter-output>
          </reporter-output>
        </test-method> <!-- verify_login_functionality -->
        <test-method is-config="true" signature="teardown()[pri:0, instance:testCases.TC002_LoginTest@561b6512]" started-at="2025-04-17T18:03:51 IST" name="teardown" finished-at="2025-04-17T18:03:51 IST" duration-ms="168" status="PASS">
          <reporter-output>
          </reporter-output>
        </test-method> <!-- teardown -->
      </class> <!-- testCases.TC002_LoginTest -->
    </test> <!-- Test -->
  </suite> <!-- Master Suite -->
</testng-results>
